                           Tools - Clouds Datenablage
                    ┌                                        ┐ 
            Dropbox ┤■■■■■■■■■■■■■■■■■■■■■■■■■■■■■■■■■■ 15     
           OneDrive ┤■■■■■■■■■■■■■■■■■■■■■■■ 10                
         SharePoint ┤■■■■■■■■■■■■■■■■ 7                        
          NextCloud ┤■■■■■■■■■ 4                               
           Clubdesk ┤■■■■■■■ 3                                 
           MS Teams ┤■■■■■■■ 3                                 
           ClubDesk ┤■■■■■ 2                                   
             Google ┤■■■■■ 2                                   
       Google Drive ┤■■■■■ 2                                   
     Synology / NAS ┤■■■■■ 2                                   
              Cloud ┤■■ 1                                      
         Confluence ┤■■ 1                                      
   Google Workplace ┤■■ 1                                      
           In Cloud ┤■■ 1                                      
      Inotool InOri ┤■■ 1                                      
               Jira ┤■■ 1                                      
          Microsoft ┤■■ 1                                      
      MyDrive Cloud ┤■■ 1                                      
              Scnat ┤■■ 1                                      
         SecureSafe ┤■■ 1                                      
             iCloud ┤■■ 1                                      
            myDrive ┤■■ 1                                      
    storage.digisus ┤■■ 1                                      
                    └                                        ┘ 
                                   n=      63
