                                                   Tools - Vereinssoftware
                                          ┌                                        ┐ 
                                 ClubDesk ┤■■■■■■■■■■■■■■■■■■■■■■■■■■■■■■■■■■ 13.0   
                              ChurchTools ┤■■■■■ 2.0                                 
                                  Website ┤■■■■■ 2.0                                 
                               Adresstool ┤■■■ 1.0                                   
                         Adressverwaltung ┤■■■ 1.0                                   
                                    Bexio ┤■■■ 1.0                                   
                                      CMS ┤■■■ 1.0                                   
                                 CashCtrl ┤■■■ 1.0                                   
                                   Djooze ┤■■■ 1.0                                   
                                  DropBox ┤■■■ 1.0                                   
                         Eigenentwicklung ┤■■■ 1.0                                   
                                 Hitobito ┤■■■ 1.0                                   
                                     Jira ┤■■■ 1.0                                   
                 Kita-Verwaltungssoftware ┤■■■ 1.0                                   
                                 MS Excel ┤■■■ 1.0                                   
   Midata (Mitgliederdatenbank der Pfadi) ┤■■■ 1.0                                   
                      Mitgliederdatenbank ┤■■■ 1.0                                   
                        Rechnungsstellung ┤■■■ 1.0                                   
                                   Sewobe ┤■■■ 1.0                                   
                                  TagiNet ┤■■■ 1.0                                   
                                  Webling ┤■■■ 1.0                                   
                                  Welante ┤■■■ 1.0                                   
                              WooCommerce ┤■■■ 1.0                                   
          digitale Mitglieder-Karteikarte ┤■■■ 1.0                                   
                                          └                                        ┘ 
                                                         n=      39
