                   Tools - Vereinsaktivitaeten organisieren
                   ┌                                        ┐ 
             Email ┤■■■■■■■■■■■■■■■■■■■■■■■■■■■■■■■■■■ 12     
           Website ┤■■■■■■■■■■■■■■■■■ 6                       
          Clubdesk ┤■■■■■■■■■ 3                               
            Doodle ┤■■■■■■ 2                                  
         Mailchimp ┤■■■■■■ 2                                  
           Outlook ┤■■■■■■ 2                                  
          WhatsApp ┤■■■■■■ 2                                  
         WordPress ┤■■■■■■ 2                                  
               App ┤■■■ 1                                     
               CMS ┤■■■ 1                                     
              Chat ┤■■■ 1                                     
       ChurchTools ┤■■■ 1                                     
          ClubDesk ┤■■■ 1                                     
         Eventfrog ┤■■■ 1                                     
          Fairgate ┤■■■ 1                                     
      Google Drive ┤■■■ 1                                     
    Google Planner ┤■■■ 1                                     
         Helferapp ┤■■■ 1                                     
              Jira ┤■■■ 1                                     
    Konzertmeister ┤■■■ 1                                     
          MS Excel ┤■■■ 1                                     
   MS Office Tools ┤■■■ 1                                     
           MS Word ┤■■■ 1                                     
        Newsletter ┤■■■ 1                                     
            Notion ┤■■■ 1                                     
            Office ┤■■■ 1                                     
          Sanboard ┤■■■ 1                                     
    Terminkalender ┤■■■ 1                                     
           Threema ┤■■■ 1                                     
            Trello ┤■■■ 1                                     
     Vereinsplaner ┤■■■ 1                                     
          Webtools ┤■■■ 1                                     
          Whatsapp ┤■■■ 1                                     
           Xoyondo ┤■■■ 1                                     
        monday.com ┤■■■ 1                                     
                   └                                        ┘ 
                                  n=      59
