                                 Tools - Projektmanagement
                         ┌                                        ┐ 
                   Asana ┤■■■■■■■■■■■■■■■■■■■■■■■■■■■■■■■■■■■ 2.0   
                 Redmine ┤■■■■■■■■■■■■■■■■■■■■■■■■■■■■■■■■■■■ 2.0   
                  Trello ┤■■■■■■■■■■■■■■■■■■■■■■■■■■■■■■■■■■■ 2.0   
               Atlassian ┤■■■■■■■■■■■■■■■■■■ 1.0                    
             ChurchTools ┤■■■■■■■■■■■■■■■■■■ 1.0                    
                 Clickup ┤■■■■■■■■■■■■■■■■■■ 1.0                    
                 Dropbox ┤■■■■■■■■■■■■■■■■■■ 1.0                    
   E-Camp (Lagerplanung) ┤■■■■■■■■■■■■■■■■■■ 1.0                    
                  Gitlab ┤■■■■■■■■■■■■■■■■■■ 1.0                    
                    Jira ┤■■■■■■■■■■■■■■■■■■ 1.0                    
              MS Planner ┤■■■■■■■■■■■■■■■■■■ 1.0                    
                  Notion ┤■■■■■■■■■■■■■■■■■■ 1.0                    
                 diverse ┤■■■■■■■■■■■■■■■■■■ 1.0                    
                 ecamp 3 ┤■■■■■■■■■■■■■■■■■■ 1.0                    
        lagerkochbuch.ch ┤■■■■■■■■■■■■■■■■■■ 1.0                    
                  loomly ┤■■■■■■■■■■■■■■■■■■ 1.0                    
              monday.com ┤■■■■■■■■■■■■■■■■■■ 1.0                    
                  padlet ┤■■■■■■■■■■■■■■■■■■ 1.0                    
                         └                                        ┘ 
                                        n=      22
