                       Tools - Dokumente gemeinsam bearbeiten
                      ┌                                        ┐ 
              Dropbox ┤■■■■■■■■■■■■■■■■■■■■■■■■■■■■■■■■■■■ 9.0   
             OneDrive ┤■■■■■■■■■■■■■■■■■■■■■■■■■■■ 7.0           
                Email ┤■■■■■■■■■■■■■■■■ 4.0                      
           SharePoint ┤■■■■■■■■■■■■■■■■ 4.0                      
             ClubDesk ┤■■■■■■■■■■■■ 3.0                          
          Google Docs ┤■■■■■■■■■■■■ 3.0                          
            Nextcloud ┤■■■■■■■■■■■■ 3.0                          
         Google Drive ┤■■■■■■■■ 2.0                              
               MS 365 ┤■■■■■■■■ 2.0                              
             MS Teams ┤■■■■■■■■ 2.0                              
             Adobe CC ┤■■■■ 1.0                                  
                Clowd ┤■■■■ 1.0                                  
            Collabora ┤■■■■ 1.0                                  
           Confluence ┤■■■■ 1.0                                  
             Etherpad ┤■■■■ 1.0                                  
               Google ┤■■■■ 1.0                                  
     Google Workplace ┤■■■■ 1.0                                  
                 Jira ┤■■■■ 1.0                                  
   MS Terminal Server ┤■■■■ 1.0                                  
              MS Word ┤■■■■ 1.0                                  
        MyDrive Cloud ┤■■■■ 1.0                                  
               Notion ┤■■■■ 1.0                                  
                Scnat ┤■■■■ 1.0                                  
   gemeinsamer Ordner ┤■■■■ 1.0                                  
               iCloud ┤■■■■ 1.0                                  
    kSuite Infomaniak ┤■■■■ 1.0                                  
                      └                                        ┘ 
                                     n=      56
