                            Tools - Termine planen
                   ┌                                        ┐ 
            Nuudel ┤■■■■■■■■■■■■■■■■■■■■■■■■■■■■■■■■■■ 10.0   
            Doodle ┤■■■■■■■■■■■■■■■■■■■■■■■■ 7.0              
             Email ┤■■■■■■■■■■■■■■■■■■■■■■■■ 7.0              
        MS Outlook ┤■■■■■■■■■■■■■■■■■■■■■■■■ 7.0              
          WhatsApp ┤■■■■■■■■■■■■■■■■■■■■ 6.0                  
          Clubdesk ┤■■■■■■■■■■■■■■ 4.0                        
          Kalender ┤■■■■■■■ 2.0                               
            Signal ┤■■■■■■■ 2.0                               
           Website ┤■■■■■■■ 2.0                               
             Asana ┤■■■ 1.0                                   
       ChurchTools ┤■■■ 1.0                                   
          ClubDesk ┤■■■ 1.0                                   
         Framadate ┤■■■ 1.0                                   
      Google Drive ┤■■■ 1.0                                   
      Google Excel ┤■■■ 1.0                                   
   Google Kalender ┤■■■ 1.0                                   
              Jira ┤■■■ 1.0                                   
    Konzertmeister ┤■■■ 1.0                                   
          MS Excel ┤■■■ 1.0                                   
       MS Exchange ┤■■■ 1.0                                   
         Nextcloud ┤■■■ 1.0                                   
            Notion ┤■■■ 1.0                                   
         Office-SW ┤■■■ 1.0                                   
           Outlook ┤■■■ 1.0                                   
            Teamup ┤■■■ 1.0                                   
           Threema ┤■■■ 1.0                                   
            Trello ┤■■■ 1.0                                   
     Vereinsplaner ┤■■■ 1.0                                   
          Webseite ┤■■■ 1.0                                   
           Welante ┤■■■ 1.0                                   
                   └                                        ┘ 
                                  n=      69
