                                   Tools - Quiz Umfragen Abstimmungen
                                ┌                                        ┐ 
                       WhatsApp ┤■■■■■■■■■■■■■■■■■■■■■■■■■■■■■■■■■■■ 6     
                         Nuudel ┤■■■■■■■■■■■■■■■■■■■■■■■■■■■■■ 5           
                   Google Forms ┤■■■■■■■■■■■■■■■■■■ 3                      
                         Kahoot ┤■■■■■■■■■■■■■■■■■■ 3                      
                       MS Forms ┤■■■■■■■■■■■■■■■■■■ 3                      
                     Mentimeter ┤■■■■■■■■■■■■■■■■■■ 3                      
                       Findmind ┤■■■■■■■■■■■■ 2                            
                     LimeSurvey ┤■■■■■■■■■■■■ 2                            
                   SurveyMonkey ┤■■■■■■■■■■■■ 2                            
                       ClubDesk ┤■■■■■■ 1                                  
                         Doodle ┤■■■■■■ 1                                  
                          Email ┤■■■■■■ 1                                  
               Google Formulare ┤■■■■■■ 1                                  
               Google Workplace ┤■■■■■■ 1                                  
                   Google-Forms ┤■■■■■■ 1                                  
                      Helferapp ┤■■■■■■ 1                                  
                        JotForm ┤■■■■■■ 1                                  
              Meine Umfragen.ch ┤■■■■■■ 1                                  
                         Signal ┤■■■■■■ 1                                  
                        Surveyo ┤■■■■■■ 1                                  
                  Vereinsplaner ┤■■■■■■ 1                                  
                  Web Formulare ┤■■■■■■ 1                                  
                        Xoyondo ┤■■■■■■ 1                                  
                        diverse ┤■■■■■■ 1                                  
   https://www.umfrageonline.ch ┤■■■■■■ 1                                  
                      my.survio ┤■■■■■■ 1                                  
                                └                                        ┘ 
                                               n=      47
