                    Tools - Websites Video Tutorials Unterlagen
                    ┌                                        ┐ 
          WordPress ┤■■■■■■■■■■■■■■■■■■■■■■■■■■■■■■■■■■ 14     
            Website ┤■■■■■■■ 3                                 
            YouTube ┤■■■■■■■ 3                                 
           Clubdesk ┤■■■■■ 2                                   
           Homepage ┤■■■■■ 2                                   
           Berichte ┤■■ 1                                      
             Bilder ┤■■ 1                                      
               Blog ┤■■ 1                                      
        ChurchTools ┤■■ 1                                      
           ClubDesk ┤■■ 1                                      
            Dropbox ┤■■ 1                                      
           Facebook ┤■■ 1                                      
   Google Classroom ┤■■ 1                                      
              Infos ┤■■ 1                                      
              Jimdo ┤■■ 1                                      
             Joomla ┤■■ 1                                      
             Notion ┤■■ 1                                      
           OneDrive ┤■■ 1                                      
              Scnat ┤■■ 1                                      
         Smartlearn ┤■■ 1                                      
        Squarespace ┤■■ 1                                      
               Sulu ┤■■ 1                                      
              Vimeo ┤■■ 1                                      
                Wix ┤■■ 1                                      
            diverse ┤■■ 1                                      
                    └                                        ┘ 
                                   n=      45
