                              Tools - Arbeiten planen
                     ┌                                        ┐ 
               Email ┤■■■■■■■■■■■■■■■■■■■■■■■■■■■■■■■■■■■ 6     
              MS 365 ┤■■■■■■■■■■■■■■■■■■ 3                      
            MS Excel ┤■■■■■■■■■■■■■■■■■■ 3                      
              Trello ┤■■■■■■■■■■■■■■■■■■ 3                      
               Asana ┤■■■■■■■■■■■■ 2                            
            Clubdesk ┤■■■■■■■■■■■■ 2                            
          MS OneNote ┤■■■■■■■■■■■■ 2                            
     Office Software ┤■■■■■■■■■■■■ 2                            
         ChurchTools ┤■■■■■■ 1                                  
     Google Aufgaben ┤■■■■■■ 1                                  
                Jira ┤■■■■■■ 1                                  
   MS Planner / ToDo ┤■■■■■■ 1                                  
            MS Teams ┤■■■■■■ 1                                  
         MeisterTask ┤■■■■■■ 1                                  
                Miro ┤■■■■■■ 1                                  
              Notion ┤■■■■■■ 1                                  
            OneDrive ┤■■■■■■ 1                                  
              Teamup ┤■■■■■■ 1                                  
       Vereinsplaner ┤■■■■■■ 1                                  
            WhatsApp ┤■■■■■■ 1                                  
          monday.com ┤■■■■■■ 1                                  
                     └                                        ┘ 
                                    n=      36
