                   Tools - Videos Designs und Podcasts kreieren
                   ┌                                        ┐ 
             Canva ┤■■■■■■■■■■■■■■■■■■■■■■■■■■■■■■■■■■■ 4     
   DaVinci Resolve ┤■■■■■■■■■■■■■■■■■■■■■■■■■■ 3              
           YouTube ┤■■■■■■■■■■■■■■■■■■■■■■■■■■ 3              
          Facebook ┤■■■■■■■■■■■■■■■■■■ 2                      
         Instagram ┤■■■■■■■■■■■■■■■■■■ 2                      
         Photoshop ┤■■■■■■■■■■■■■■■■■■ 2                      
             Adobe ┤■■■■■■■■■ 1                               
       Adobe Cloud ┤■■■■■■■■■ 1                               
    Anchor Spotify ┤■■■■■■■■■ 1                               
       Apple Movie ┤■■■■■■■■■ 1                               
          Clubdesk ┤■■■■■■■■■ 1                               
            InShot ┤■■■■■■■■■ 1                               
            Notion ┤■■■■■■■■■ 1                               
          Photopea ┤■■■■■■■■■ 1                               
        Smartphone ┤■■■■■■■■■ 1                               
           Website ┤■■■■■■■■■ 1                               
          inDesign ┤■■■■■■■■■ 1                               
                   └                                        ┘ 
                                  n=      28
